Arguments: 
  /Users/cchampouillon/.nvm/versions/node/v12.18.4/bin/node /Users/cchampouillon/.nvm/versions/node/v12.18.4/bin/yarn init

PATH: 
  /Users/cchampouillon/.opam/4.08.0/bin:/opt/webOS_TV_SDK/CLI/bin:/Users/cchampouillon/bin:/Users/cchampouillon/.nvm/versions/node/v12.18.4/bin:/usr/local/bin:/usr/bin:/bin:/usr/sbin:/sbin:/Library/Apple/usr/bin:/Applications/Wireshark.app/Contents/MacOS:/Users/cchampouillon/tizen-studio/tools/ide/bin/:/Users/cchampouillon/tizen-studio/tools/

Yarn version: 
  1.22.10

Node version: 
  12.18.4

Platform: 
  darwin x64

Trace: 
  Error: canceled
      at Interface.<anonymous> (/Users/cchampouillon/.nvm/versions/node/v12.18.4/lib/node_modules/yarn/lib/cli.js:136216:13)
      at Interface.emit (events.js:315:20)
      at Interface._ttyWrite (readline.js:868:16)
      at ReadStream.onkeypress (readline.js:205:10)
      at ReadStream.emit (events.js:315:20)
      at emitKeys (internal/readline/utils.js:335:14)
      at emitKeys.next (<anonymous>)
      at ReadStream.onData (readline.js:1137:36)
      at ReadStream.emit (events.js:315:20)
      at addChunk (_stream_readable.js:295:12)

npm manifest: 
  No manifest

yarn manifest: 
  No manifest

Lockfile: 
  No lockfile
